<?xml version="1.0" encoding="UTF-8"?>
<coverage generated="1556814449526" clover="3.2.0">
  <project timestamp="1556814449526" name="All files">
    <metrics statements="10" coveredstatements="5" conditionals="4" coveredconditionals="1" methods="6" coveredmethods="2" elements="20" coveredelements="8" complexity="0" loc="10" ncloc="10" packages="1" files="1" classes="1"/>
    <file name="EventEmitter.js" path="C:\Users\User\Desktop\viron\src\js\components\EventEmitter.js">
      <metrics statements="10" coveredstatements="5" conditionals="4" coveredconditionals="1" methods="6" coveredmethods="2"/>
      <line num="3" count="1" type="stmt"/>
      <line num="7" count="0" type="stmt"/>
      <line num="8" count="0" type="cond" truecount="0" falsecount="2"/>
      <line num="9" count="0" type="stmt"/>
      <line num="10" count="0" type="stmt"/>
      <line num="16" count="1" type="cond" truecount="1" falsecount="1"/>
      <line num="17" count="1" type="stmt"/>
      <line num="19" count="1" type="stmt"/>
      <line num="20" count="1" type="stmt"/>
      <line num="21" count="0" type="stmt"/>
    </file>
  </project>
</coverage>
